<?xml version="1.0" encoding="UTF-8"?>
<testng-results ignored="0" total="1" passed="1" failed="0" skipped="0">
  <reporter-output>
  </reporter-output>
  <suite started-at="2019-09-23T13:28:45Z" name="Default suite" finished-at="2019-09-23T13:28:51Z" duration-ms="6149">
    <groups>
    </groups>
    <test started-at="2019-09-23T13:28:45Z" name="Default test" finished-at="2019-09-23T13:28:51Z" duration-ms="6149">
      <class name="restAPIPrac.GETAPi">
        <test-method signature="getAPICall()[pri:0, instance:restAPIPrac.GETAPi@6ab7a896]" started-at="2019-09-23T13:28:45Z" name="getAPICall" finished-at="2019-09-23T13:28:51Z" duration-ms="6091" status="PASS">
          <reporter-output>
          </reporter-output>
        </test-method> <!-- getAPICall -->
      </class> <!-- restAPIPrac.GETAPi -->
    </test> <!-- Default test -->
  </suite> <!-- Default suite -->
</testng-results>
