<?xml version="1.0" encoding="UTF-8"?>
<testsuite xmlns:xsi="http://www.w3.org/2001/XMLSchema-instance" xsi:noNamespaceSchemaLocation="https://maven.apache.org/surefire/maven-surefire-plugin/xsd/surefire-test-report-3.0.xsd" version="3.0" name="TestSuite" time="28.642" tests="2" errors="0" skipped="0" failures="0">
  <properties>
[...]
</properties>
  <testcase name="getTest" classname="testINT.BaseClass" time="4.865">
    <system-out><![CDATA[[TestNGContentHandler] [WARN] It is strongly recommended to add "<!DOCTYPE suite SYSTEM "http://testng.org/testng-1.0.dtd" >" at the top of your file, otherwise TestNG may fail or not work as expected.
]]></system-out>
    <system-err><![CDATA[1592739944573	mozrunner::runner	INFO	Running command: "C:\\Program Files\\Mozilla Firefox\\firefox.exe" "-marionette" "-foreground" "-no-remote" "-profile" "C:\\Users\\ANKITB~1\\AppData\\Local\\Temp\\rust_mozprofileUx9mUe"
JavaScript error: resource://gre/modules/XULStore.jsm, line 66: Error: Can't find profile directory.
1592739949485	Marionette	INFO	Listening on port 51809
1592739949868	Marionette	WARN	TLS certificate errors will be ignored for this session
Jun 21, 2020 5:15:49 PM org.openqa.selenium.remote.ProtocolHandshake createSession
INFO: Detected dialect: W3C
]]></system-err>
  </testcase>
  <testcase name="getTest" classname="testINT.BaseClass" time="6.579">
    <system-err><![CDATA[1592739955013	Marionette	INFO	Stopped listening on port 51809

###!!! [Child][RunMessage] Error: Channel closing: too late to send/recv, messages will be lost


###!!! [Child][MessageChannel::SendAndWait] Error: Channel error: cannot send/recv

Starting ChromeDriver 81.0.4044.69 (6813546031a4bc83f717a2ef7cd4ac6ec1199132-refs/branch-heads/4044@{#776}) on port 36114
Only local connections are allowed.
Please protect ports used by ChromeDriver and related test frameworks to prevent access by malicious code.
Jun 21, 2020 5:15:59 PM org.openqa.selenium.remote.ProtocolHandshake createSession
INFO: Detected dialect: W3C
[1592739964.702][SEVERE]: Timed out receiving message from renderer: 0.100
[1592739964.804][SEVERE]: Timed out receiving message from renderer: 0.100
[1592739964.908][SEVERE]: Timed out receiving message from renderer: 0.100
[1592739965.013][SEVERE]: Timed out receiving message from renderer: 0.100
[1592739965.184][SEVERE]: Timed out receiving message from renderer: 0.100
[1592739965.379][SEVERE]: Timed out receiving message from renderer: 0.100
[1592739965.777][SEVERE]: Timed out receiving message from renderer: 0.100
[1592739965.883][SEVERE]: Timed out receiving message from renderer: 0.100
[1592739965.991][SEVERE]: Timed out receiving message from renderer: 0.100
[1592739966.095][SEVERE]: Timed out receiving message from renderer: 0.100
[1592739966.208][SEVERE]: Timed out receiving message from renderer: 0.100
[1592739966.324][SEVERE]: Timed out receiving message from renderer: 0.100
[1592739966.593][SEVERE]: Timed out receiving message from renderer: 0.100
[1592739966.795][SEVERE]: Timed out receiving message from renderer: 0.100
[1592739966.904][SEVERE]: Timed out receiving message from renderer: 0.100
[1592739967.049][SEVERE]: Timed out receiving message from renderer: 0.100
[1592739967.154][SEVERE]: Timed out receiving message from renderer: 0.100
[1592739967.256][SEVERE]: Timed out receiving message from renderer: 0.100
[1592739967.444][SEVERE]: Timed out receiving message from renderer: 0.100
[1592739967.549][SEVERE]: Timed out receiving message from renderer: 0.100
[1592739967.655][SEVERE]: Timed out receiving message from renderer: 0.100
[1592739967.762][SEVERE]: Timed out receiving message from renderer: 0.100
[1592739967.944][SEVERE]: Timed out receiving message from renderer: 0.100
[1592739968.046][SEVERE]: Timed out receiving message from renderer: 0.100
[1592739968.154][SEVERE]: Timed out receiving message from renderer: 0.100
[1592739968.258][SEVERE]: Timed out receiving message from renderer: 0.100
[1592739968.364][SEVERE]: Timed out receiving message from renderer: 0.100
[1592739968.469][SEVERE]: Timed out receiving message from renderer: 0.100
]]></system-err>
  </testcase>
</testsuite>