<?xml version="1.0" encoding="UTF-8"?>
<testsuite xmlns:xsi="http://www.w3.org/2001/XMLSchema-instance" xsi:noNamespaceSchemaLocation="https://maven.apache.org/surefire/maven-surefire-plugin/xsd/surefire-test-report-3.0.xsd" version="3.0" name="TestSuite" time="18.718" tests="2" errors="0" skipped="0" failures="2">
  <properties>
[...]
</properties>
  <testcase name="getTest" classname="testINT.BaseClass" time="1.687">
    <failure message="expected [true] but found [false]" type="java.lang.AssertionError"><![CDATA[java.lang.AssertionError: expected [true] but found [false]
	at testINT.BaseClass.getTest(BaseClass.java:58)
]]></failure>
    <system-out><![CDATA[[TestNGContentHandler] [WARN] It is strongly recommended to add "<!DOCTYPE suite SYSTEM "http://testng.org/testng-1.0.dtd" >" at the top of your file, otherwise TestNG may fail or not work as expected.
]]></system-out>
    <system-err><![CDATA[1592792815998	mozrunner::runner	INFO	Running command: "C:\\Program Files\\Mozilla Firefox\\firefox.exe" "-marionette" "-foreground" "-no-remote" "-profile" "C:\\Users\\ANKITB~1\\AppData\\Local\\Temp\\rust_mozprofiledMzjKJ"
JavaScript error: resource://gre/modules/XULStore.jsm, line 66: Error: Can't find profile directory.
1592792820081	Marionette	INFO	Listening on port 53732
1592792820116	Marionette	WARN	TLS certificate errors will be ignored for this session
Jun 22, 2020 7:57:00 AM org.openqa.selenium.remote.ProtocolHandshake createSession
INFO: Detected dialect: W3C
]]></system-err>
  </testcase>
  <testcase name="getTest" classname="testINT.BaseClass" time="1.682">
    <failure message="expected [true] but found [false]" type="java.lang.AssertionError"><![CDATA[java.lang.AssertionError: expected [true] but found [false]
	at testINT.BaseClass.getTest(BaseClass.java:58)
]]></failure>
    <system-out><![CDATA[Screenshot taken
]]></system-out>
    <system-err><![CDATA[1592792822857	Marionette	INFO	Stopped listening on port 53732

###!!! [Child][RunMessage] Error: Channel closing: too late to send/recv, messages will be lost


###!!! [Child][MessageChannel::SendAndWait] Error: Channel error: cannot send/recv

Starting ChromeDriver 81.0.4044.69 (6813546031a4bc83f717a2ef7cd4ac6ec1199132-refs/branch-heads/4044@{#776}) on port 27339
Only local connections are allowed.
Please protect ports used by ChromeDriver and related test frameworks to prevent access by malicious code.
Jun 22, 2020 7:57:07 AM org.openqa.selenium.remote.ProtocolHandshake createSession
INFO: Detected dialect: W3C
[1592792829.871][SEVERE]: Timed out receiving message from renderer: 0.100
[1592792830.045][SEVERE]: Timed out receiving message from renderer: 0.100
[1592792830.161][SEVERE]: Timed out receiving message from renderer: 0.100
[1592792830.442][SEVERE]: Timed out receiving message from renderer: 0.100
[1592792830.544][SEVERE]: Timed out receiving message from renderer: 0.100
[1592792830.658][SEVERE]: Timed out receiving message from renderer: 0.100
[1592792830.761][SEVERE]: Timed out receiving message from renderer: 0.100
[1592792830.862][SEVERE]: Timed out receiving message from renderer: 0.100
]]></system-err>
  </testcase>
</testsuite>