<?xml version="1.0" encoding="UTF-8"?>
<testng-results ignored="0" total="1" passed="1" failed="0" skipped="0">
  <reporter-output>
  </reporter-output>
  <suite started-at="2019-09-24T15:12:30Z" name="Default suite" finished-at="2019-09-24T15:12:36Z" duration-ms="6488">
    <groups>
    </groups>
    <test started-at="2019-09-24T15:12:30Z" name="Default test" finished-at="2019-09-24T15:12:36Z" duration-ms="6488">
      <class name="testCases.LoginTC">
        <test-method is-config="true" signature="beforeSuite()[pri:0, instance:testCases.LoginTC@5ad851c9]" started-at="2019-09-24T15:12:22Z" name="beforeSuite" finished-at="2019-09-24T15:12:30Z" duration-ms="7987" status="PASS">
          <reporter-output>
          </reporter-output>
        </test-method> <!-- beforeSuite -->
        <test-method signature="LoginFB()[pri:0, instance:testCases.LoginTC@5ad851c9]" started-at="2019-09-24T15:12:30Z" name="LoginFB" finished-at="2019-09-24T15:12:36Z" duration-ms="6444" status="PASS">
          <reporter-output>
          </reporter-output>
        </test-method> <!-- LoginFB -->
        <test-method is-config="true" signature="afterSuite()[pri:0, instance:testCases.LoginTC@5ad851c9]" started-at="2019-09-24T15:12:36Z" name="afterSuite" finished-at="2019-09-24T15:12:39Z" duration-ms="2700" status="PASS">
          <reporter-output>
          </reporter-output>
        </test-method> <!-- afterSuite -->
      </class> <!-- testCases.LoginTC -->
    </test> <!-- Default test -->
  </suite> <!-- Default suite -->
</testng-results>
