<?xml version="1.0" encoding="UTF-8"?>
<testng-results ignored="0" total="1" passed="1" failed="0" skipped="0">
  <reporter-output>
  </reporter-output>
  <suite started-at="2019-11-26T03:00:28Z" name="Default suite" finished-at="2019-11-26T03:00:28Z" duration-ms="43">
    <groups>
    </groups>
    <test started-at="2019-11-26T03:00:28Z" name="Default test" finished-at="2019-11-26T03:00:28Z" duration-ms="43">
      <class name="prac.Prac2">
        <test-method signature="palendrome()[pri:0, instance:prac.Prac2@1a84f40f]" started-at="2019-11-26T03:00:28Z" name="palendrome" finished-at="2019-11-26T03:00:28Z" duration-ms="12" status="PASS">
          <reporter-output>
          </reporter-output>
        </test-method> <!-- palendrome -->
      </class> <!-- prac.Prac2 -->
    </test> <!-- Default test -->
  </suite> <!-- Default suite -->
</testng-results>
