<?xml version="1.0" encoding="UTF-8"?>
<!-- Generated by org.testng.reporters.JUnitXMLReporter -->
<testsuite ignored="0" hostname="DESKTOP-CBC06U2" failures="1" tests="1" name="Test" time="15.566" errors="0" timestamp="21 Jun 2020 12:42:38 GMT">
  <testcase classname="testINT.BaseClass" name="getTest" time="6.829">
    <failure type="java.lang.AssertionError" message="expected [true] but found [false]">
      <![CDATA[java.lang.AssertionError: expected [true] but found [false]at testINT.BaseClass.getTest(BaseClass.java:58)... Removed 29 stack frames]]>
    </failure>
  </testcase> <!-- getTest -->
</testsuite> <!-- Test -->
