<?xml version="1.0" encoding="UTF-8"?>
<testng-results ignored="0" total="1" passed="1" failed="0" skipped="0">
  <reporter-output>
  </reporter-output>
  <suite started-at="2019-09-21T12:42:07Z" name="Default suite" finished-at="2019-09-21T12:42:07Z" duration-ms="37">
    <groups>
    </groups>
    <test started-at="2019-09-21T12:42:07Z" name="Default test" finished-at="2019-09-21T12:42:07Z" duration-ms="37">
      <class name="restPractice.HttpCall">
        <test-method signature="getCall()[pri:0, instance:restPractice.HttpCall@2d9d4f9d]" started-at="2019-09-21T12:42:07Z" name="getCall" finished-at="2019-09-21T12:42:07Z" duration-ms="10" status="PASS">
          <reporter-output>
          </reporter-output>
        </test-method> <!-- getCall -->
      </class> <!-- restPractice.HttpCall -->
    </test> <!-- Default test -->
  </suite> <!-- Default suite -->
</testng-results>
